=============== LOG ENTRY BEGIN ===============
Wed Jul 11 2018 22:04:38 GMT-0500 (Central Daylight Time)
 
TERMINAL COMMANDS:
$: C:\Program Files\nodejs\node.exe,C:\Users\pmickel\Documents\codingBootcamp\homeworks\liri-node-app\liri.js,mytweets
 
DATA OUTPUT:
1. Tweet: @McJesse using diplomacy gives you strength and the opposite of all of these lands you in JAIL!
Created at: Wed Jul 11 02:12:23 +0000 2018 
2. Tweet: @McJesse Let's create "RESIST The Game" in which treating all people well gets you points, (double points for treat… https://t.co/EnLZyoza96
Created at: Wed Jul 11 02:11:36 +0000 2018 
3. Tweet: I read this at first as "It's sisyphus" aka, the guy who was punished for his self-aggrandizing craftiness and dece… https://t.co/PCH2VpFfbc
Created at: Wed Jul 11 01:59:49 +0000 2018 
=============== LOG ENTRY END ===============
 
4. Tweet: This is scary-funny.... or funny-scary. I'm not sure which. https://t.co/BVVSGXEECP
Created at: Wed Jul 11 01:55:22 +0000 2018 
=============== LOG ENTRY BEGIN ===============
Wed Jul 11 2018 22:39:19 GMT-0500 (Central Daylight Time)
 
TERMINAL COMMANDS:
$: C:\Program Files\nodejs\node.exe,C:\Users\pmickel\Documents\codingBootcamp\homeworks\liri-node-app\liri.js,my-tweets
 
DATA OUTPUT:
1. Tweet: @McJesse using diplomacy gives you strength and the opposite of all of these lands you in JAIL!
Created at: Wed Jul 11 02:12:23 +0000 2018 
3. Tweet: I read this at first as "It's sisyphus" aka, the guy who was punished for his self-aggrandizing craftiness and dece… https://t.co/PCH2VpFfbc
Created at: Wed Jul 11 01:59:49 +0000 2018 
2. Tweet: @McJesse Let's create "RESIST The Game" in which treating all people well gets you points, (double points for treat… https://t.co/EnLZyoza96
Created at: Wed Jul 11 02:11:36 +0000 2018 
=============== LOG ENTRY END ===============
 
4. Tweet: This is scary-funny.... or funny-scary. I'm not sure which. https://t.co/BVVSGXEECP
Created at: Wed Jul 11 01:55:22 +0000 2018 
=============== LOG ENTRY BEGIN ===============
Wed Jul 11 2018 22:41:10 GMT-0500 (Central Daylight Time)
 
TERMINAL COMMANDS:
$: C:\Program Files\nodejs\node.exe,C:\Users\pmickel\Documents\codingBootcamp\homeworks\liri-node-app\liri.js,my-tweets
 
DATA OUTPUT:
1. Tweet: @McJesse using diplomacy gives you strength and the opposite of all of these lands you in JAIL!
Created at: Wed Jul 11 02:12:23 +0000 2018 
2. Tweet: @McJesse Let's create "RESIST The Game" in which treating all people well gets you points, (double points for treat… https://t.co/EnLZyoza96
Created at: Wed Jul 11 02:11:36 +0000 2018 
3. Tweet: I read this at first as "It's sisyphus" aka, the guy who was punished for his self-aggrandizing craftiness and dece… https://t.co/PCH2VpFfbc
Created at: Wed Jul 11 01:59:49 +0000 2018 
4. Tweet: This is scary-funny.... or funny-scary. I'm not sure which. https://t.co/BVVSGXEECP
Created at: Wed Jul 11 01:55:22 +0000 2018 
=============== LOG ENTRY END ===============
 
=============== LOG ENTRY BEGIN ===============
Thu Jul 12 2018 17:07:09 GMT-0500 (Central Daylight Time)
 
TERMINAL COMMANDS:
$: C:\Program Files\nodejs\node.exe,C:\Users\pmickel\Documents\codingBootcamp\homeworks\liri-node-app\liri.js,my-tweets
 
DATA OUTPUT:
2. Tweet: @McJesse Let's create "RESIST The Game" in which treating all people well gets you points, (double points for treat… https://t.co/EnLZyoza96
Created at: Wed Jul 11 02:11:36 +0000 2018 
1. Tweet: @McJesse using diplomacy gives you strength and the opposite of all of these lands you in JAIL!
Created at: Wed Jul 11 02:12:23 +0000 2018 
3. Tweet: I read this at first as "It's sisyphus" aka, the guy who was punished for his self-aggrandizing craftiness and dece… https://t.co/PCH2VpFfbc
Created at: Wed Jul 11 01:59:49 +0000 2018 
4. Tweet: This is scary-funny.... or funny-scary. I'm not sure which. https://t.co/BVVSGXEECP
Created at: Wed Jul 11 01:55:22 +0000 2018 
=============== LOG ENTRY END ===============
 
